<?xml version="1.0" encoding="UTF-8"?>
<!-- Generated by org.testng.reporters.JUnitReportReporter -->
<testsuite skipped="0" hostname="LAPTOP-8PV5OBQH" name="revoke.datatable" tests="1" failures="0" timestamp="2021-12-05T14:48:38 IST" time="9.387" errors="0">
  <testcase name="datatable" time="9.387" classname="revoke.datatable"/>
  <system-out/>
</testsuite> <!-- revoke.datatable -->
