<?xml version="1.0" encoding="UTF-8"?>
<!-- Generated by org.testng.reporters.JUnitReportReporter -->
<testsuite skipped="0" hostname="LAPTOP-8PV5OBQH" name="tests.ThreeTest" tests="1" failures="0" timestamp="2021-11-24T17:22:40 IST" time="10.681" errors="0">
  <testcase name="threetest" time="10.681" classname="tests.ThreeTest"/>
  <system-out/>
</testsuite> <!-- tests.ThreeTest -->
