<?xml version="1.0" encoding="UTF-8"?>
<!-- Generated by org.testng.reporters.JUnitReportReporter -->
<testsuite skipped="0" hostname="LAPTOP-8PV5OBQH" name="tests.LoginTest" tests="6" failures="0" timestamp="2021-11-24T17:22:40 IST" time="94.242" errors="0">
  <testcase name="login" time="16.127" classname="tests.LoginTest"/>
  <system-out/>
  <testcase name="login" time="15.896" classname="tests.LoginTest"/>
  <system-out/>
  <testcase name="login" time="7.543" classname="tests.LoginTest"/>
  <system-out/>
  <testcase name="login" time="15.639" classname="tests.LoginTest"/>
  <system-out/>
  <testcase name="login" time="22.197" classname="tests.LoginTest"/>
  <system-out/>
  <testcase name="login" time="16.840" classname="tests.LoginTest"/>
  <system-out/>
</testsuite> <!-- tests.LoginTest -->
