<?xml version="1.0" encoding="UTF-8"?>
<!-- Generated by org.testng.reporters.JUnitReportReporter -->
<testsuite skipped="0" hostname="LAPTOP-8PV5OBQH" name="Runner.runner" tests="1" failures="0" timestamp="2021-11-24T19:15:44 IST" time="9.131" errors="0">
  <testcase name="runScenario" time="9.131" classname="Runner.runner"/>
  <system-out/>
</testsuite> <!-- Runner.runner -->
