<?xml version="1.0" encoding="UTF-8"?>
<!-- Generated by org.testng.reporters.JUnitReportReporter -->
<testsuite skipped="0" hostname="LAPTOP-8PV5OBQH" name="tests.LoginTest" tests="6" failures="0" timestamp="2021-11-24T14:09:51 IST" time="81.483" errors="0">
  <testcase name="login" time="15.465" classname="tests.LoginTest"/>
  <system-out/>
  <testcase name="login" time="15.240" classname="tests.LoginTest"/>
  <system-out/>
  <testcase name="login" time="14.069" classname="tests.LoginTest"/>
  <system-out/>
  <testcase name="login" time="15.769" classname="tests.LoginTest"/>
  <system-out/>
  <testcase name="login" time="5.785" classname="tests.LoginTest"/>
  <system-out/>
  <testcase name="login" time="15.155" classname="tests.LoginTest"/>
  <system-out/>
</testsuite> <!-- tests.LoginTest -->
